Assembler report for Angelia
Wed Feb 01 22:26:20 2017
Quartus Prime Version 16.0.0 Build 211 04/27/2016 SJ Lite Edition


---------------------
; Table of Contents ;
---------------------
  1. Legal Notice
  2. Assembler Summary
  3. Assembler Settings
  4. Assembler Generated Files
  5. Assembler Device Options: C:/Users/K5SO/Desktop/Angelia/Angelia_v5.7_source/Angelia.sof
  6. Assembler Device Options: C:/Users/K5SO/Desktop/Angelia/Angelia_v5.7_source/Angelia.pof
  7. Assembler Device Options: C:/Users/K5SO/Desktop/Angelia/Angelia_v5.7_source/Angelia.rbf
  8. Assembler Messages



----------------
; Legal Notice ;
----------------
Copyright (C) 1991-2016 Altera Corporation. All rights reserved.
Your use of Altera Corporation's design tools, logic functions 
and other software and tools, and its AMPP partner logic 
functions, and any output files from any of the foregoing 
(including device programming or simulation files), and any 
associated documentation or information are expressly subject 
to the terms and conditions of the Altera Program License 
Subscription Agreement, the Altera Quartus Prime License Agreement,
the Altera MegaCore Function License Agreement, or other 
applicable license agreement, including, without limitation, 
that your use is for the sole purpose of programming logic 
devices manufactured by Altera and sold by Altera or its 
authorized distributors.  Please refer to the applicable 
agreement for further details.



+---------------------------------------------------------------+
; Assembler Summary                                             ;
+-----------------------+---------------------------------------+
; Assembler Status      ; Successful - Wed Feb 01 22:26:20 2017 ;
; Revision Name         ; Angelia                               ;
; Top-level Entity Name ; Angelia                               ;
; Family                ; Cyclone IV E                          ;
; Device                ; EP4CE115F29C8                         ;
+-----------------------+---------------------------------------+


+----------------------------------+
; Assembler Settings               ;
+--------+---------+---------------+
; Option ; Setting ; Default Value ;
+--------+---------+---------------+


+---------------------------------------------------------------+
; Assembler Generated Files                                     ;
+---------------------------------------------------------------+
; File Name                                                     ;
+---------------------------------------------------------------+
; C:/Users/K5SO/Desktop/Angelia/Angelia_v5.7_source/Angelia.sof ;
; C:/Users/K5SO/Desktop/Angelia/Angelia_v5.7_source/Angelia.pof ;
; C:/Users/K5SO/Desktop/Angelia/Angelia_v5.7_source/Angelia.rbf ;
+---------------------------------------------------------------+


+-----------------------------------------------------------------------------------------+
; Assembler Device Options: C:/Users/K5SO/Desktop/Angelia/Angelia_v5.7_source/Angelia.sof ;
+----------------+------------------------------------------------------------------------+
; Option         ; Setting                                                                ;
+----------------+------------------------------------------------------------------------+
; Device         ; EP4CE115F29C8                                                          ;
; JTAG usercode  ; 0x02459213                                                             ;
; Checksum       ; 0x02459213                                                             ;
+----------------+------------------------------------------------------------------------+


+-----------------------------------------------------------------------------------------+
; Assembler Device Options: C:/Users/K5SO/Desktop/Angelia/Angelia_v5.7_source/Angelia.pof ;
+--------------------+--------------------------------------------------------------------+
; Option             ; Setting                                                            ;
+--------------------+--------------------------------------------------------------------+
; Device             ; EPCS128                                                            ;
; JTAG usercode      ; 0x00000000                                                         ;
; Checksum           ; 0xED2E476D                                                         ;
; Compression Ratio  ; 2                                                                  ;
+--------------------+--------------------------------------------------------------------+


+-----------------------------------------------------------------------------------------+
; Assembler Device Options: C:/Users/K5SO/Desktop/Angelia/Angelia_v5.7_source/Angelia.rbf ;
+---------------------+-------------------------------------------------------------------+
; Option              ; Setting                                                           ;
+---------------------+-------------------------------------------------------------------+
; Raw Binary File     ;                                                                   ;
;  Compression Ratio  ; 2                                                                 ;
+---------------------+-------------------------------------------------------------------+


+--------------------+
; Assembler Messages ;
+--------------------+
Info: *******************************************************************
Info: Running Quartus Prime Assembler
    Info: Version 16.0.0 Build 211 04/27/2016 SJ Lite Edition
    Info: Processing started: Wed Feb 01 22:26:13 2017
Info: Command: quartus_asm --read_settings_files=off --write_settings_files=off Angelia -c Angelia
Warning (125092): Tcl Script File C122_PLL_SHIFT.qip not found
    Info (125063): set_global_assignment -name QIP_FILE C122_PLL_SHIFT.qip
Info (115031): Writing out detailed assembly data for power analysis
Info (115030): Assembler is generating device programming files
Info: Quartus Prime Assembler was successful. 0 errors, 1 warning
    Info: Peak virtual memory: 946 megabytes
    Info: Processing ended: Wed Feb 01 22:26:20 2017
    Info: Elapsed time: 00:00:07
    Info: Total CPU time (on all processors): 00:00:08


