Archive Project report for Bootloader
Sat Apr 12 10:23:21 2014
Quartus II 64-Bit Version 13.1.0 Build 162 10/23/2013 SJ Web Edition


---------------------
; Table of Contents ;
---------------------
  1. Legal Notice
  2. Archive Project Summary
  3. Archive Project Messages
  4. Files Archived



----------------
; Legal Notice ;
----------------
Copyright (C) 1991-2013 Altera Corporation
Your use of Altera Corporation's design tools, logic functions 
and other software and tools, and its AMPP partner logic 
functions, and any output files from any of the foregoing 
(including device programming or simulation files), and any 
associated documentation or information are expressly subject 
to the terms and conditions of the Altera Program License 
Subscription Agreement, Altera MegaCore Function License 
Agreement, or other applicable license agreement, including, 
without limitation, that your use is for the sole purpose of 
programming logic devices manufactured by Altera and sold by 
Altera or its authorized distributors.  Please refer to the 
applicable agreement for further details.



+----------------------------------------------------------------+
; Archive Project Summary                                        ;
+------------------------+---------------------------------------+
; Archive Project Status ; Successful - Sat Apr 12 10:23:21 2014 ;
; Revision Name          ; Bootloader                            ;
; Top-level Entity Name  ; Bootloader                            ;
; Family                 ; Cyclone IV GX                         ;
+------------------------+---------------------------------------+


+--------------------------+
; Archive Project Messages ;
+--------------------------+
Info: File Set 'Source control' contains:
    Info: Project source and settings files
    Info: Automatically detected source files
Info: ----------------------------------------------------------
Info: ----------------------------------------------------------
Info: Generated archive 'C:/Users/K5SO/Desktop/Orion Bootloader_SW17_SW18/Bootloader.qar'
Info: ----------------------------------------------------------
Info: ----------------------------------------------------------
Info: Generated report 'Bootloader.archive.rpt'
Info (23030): Evaluation of Tcl script c:/altera/13.1/quartus/common/tcl/apps/qpm/qar.tcl was successful
Info: Quartus II 64-Bit Shell was successful. 0 errors, 0 warnings
    Info: Peak virtual memory: 362 megabytes
    Info: Processing ended: Sat Apr 12 10:23:21 2014
    Info: Elapsed time: 00:00:01
    Info: Total CPU time (on all processors): 00:00:01


+-------------------------------------------------------+
; Files Archived                                        ;
+-------------------------------------------------------+
; File Name                                             ;
+-------------------------------------------------------+
; ASMI2.bsf                                             ;
; ASMI2.cmp                                             ;
; ASMI2.inc                                             ;
; ASMI2.qip                                             ;
; ASMI2.v                                               ;
; ASMI2_bb.v                                            ;
; ASMI2_inst.v                                          ;
; assignment_defaults.qdf                               ;
; Bootloader.qpf                                        ;
; Bootloader.qsf                                        ;
; Bootloader.sdc                                        ;
; Bootloader.v                                          ;
; Bootloader_assignment_defaults.qdf                    ;
; CRC32.v                                               ;
; db/Bootloader.cmp.hdb                                 ;
; db/Bootloader.db_info                                 ;
; EEPROM.v                                              ;
; incremental_db/compiled_partitions/Bootloader.db_info ;
; Led_control.v                                         ;
; Led_flash.v                                           ;
; MDIO.v                                                ;
; PHY_fifo.bsf                                          ;
; PHY_fifo.qip                                          ;
; PHY_fifo.v                                            ;
; PLL_clocks.bsf                                        ;
; PLL_clocks.ppf                                        ;
; PLL_clocks.qip                                        ;
; PLL_clocks.v                                          ;
; Reconfigure.v                                         ;
; Remote.qip                                            ;
; Remote.v                                              ;
; Remote_inst.v                                         ;
; Rx_fifo.bsf                                           ;
; Rx_fifo.qip                                           ;
; Rx_fifo.v                                             ;
+-------------------------------------------------------+


