Assembler report for Bootloader
Thu Mar 05 08:30:43 2015
Quartus II 64-Bit Version 13.1.0 Build 162 10/23/2013 SJ Web Edition


---------------------
; Table of Contents ;
---------------------
  1. Legal Notice
  2. Assembler Summary
  3. Assembler Settings
  4. Assembler Generated Files
  5. Assembler Device Options: C:/Users/K5SO/Documents/Orion/Orion Bootloader_v2/Bootloader.sof
  6. Assembler Device Options: C:/Users/K5SO/Documents/Orion/Orion Bootloader_v2/Bootloader.pof
  7. Assembler Device Options: C:/Users/K5SO/Documents/Orion/Orion Bootloader_v2/Bootloader.rbf
  8. Assembler Messages



----------------
; Legal Notice ;
----------------
Copyright (C) 1991-2013 Altera Corporation
Your use of Altera Corporation's design tools, logic functions 
and other software and tools, and its AMPP partner logic 
functions, and any output files from any of the foregoing 
(including device programming or simulation files), and any 
associated documentation or information are expressly subject 
to the terms and conditions of the Altera Program License 
Subscription Agreement, Altera MegaCore Function License 
Agreement, or other applicable license agreement, including, 
without limitation, that your use is for the sole purpose of 
programming logic devices manufactured by Altera and sold by 
Altera or its authorized distributors.  Please refer to the 
applicable agreement for further details.



+---------------------------------------------------------------+
; Assembler Summary                                             ;
+-----------------------+---------------------------------------+
; Assembler Status      ; Successful - Thu Mar 05 08:30:43 2015 ;
; Revision Name         ; Bootloader                            ;
; Top-level Entity Name ; Bootloader                            ;
; Family                ; Cyclone IV GX                         ;
; Device                ; EP4CGX150DF31C7                       ;
+-----------------------+---------------------------------------+


+--------------------------------------------------------------------------------------------------------+
; Assembler Settings                                                                                     ;
+-----------------------------------------------------------------------------+----------+---------------+
; Option                                                                      ; Setting  ; Default Value ;
+-----------------------------------------------------------------------------+----------+---------------+
; Auto user code                                                              ; Off      ; On            ;
; Use configuration device                                                    ; On       ; Off           ;
; Configuration device                                                        ; Epcs128  ; Auto          ;
; Generate Raw Binary File (.rbf) For Target Device                           ; On       ; Off           ;
; Use smart compilation                                                       ; Off      ; Off           ;
; Enable parallel Assembler and TimeQuest Timing Analyzer during compilation  ; On       ; On            ;
; Enable compact report table                                                 ; Off      ; Off           ;
; Generate compressed bitstreams                                              ; On       ; On            ;
; Compression mode                                                            ; Off      ; Off           ;
; Clock source for configuration device                                       ; Internal ; Internal      ;
; Clock frequency of the configuration device                                 ; 10 MHZ   ; 10 MHz        ;
; Divide clock frequency by                                                   ; 1        ; 1             ;
; Configuration device auto user code                                         ; Off      ; Off           ;
; Generate Tabular Text File (.ttf) For Target Device                         ; Off      ; Off           ;
; Generate Hexadecimal (Intel-Format) Output File (.hexout) for Target Device ; Off      ; Off           ;
; Hexadecimal Output File start address                                       ; 0        ; 0             ;
; Hexadecimal Output File count direction                                     ; Up       ; Up            ;
; Release clears before tri-states                                            ; Off      ; Off           ;
; Auto-restart configuration after error                                      ; On       ; On            ;
; Enable OCT_DONE                                                             ; Off      ; Off           ;
; Generate Serial Vector Format File (.svf) for Target Device                 ; Off      ; Off           ;
; Generate a JEDEC STAPL Format File (.jam) for Target Device                 ; Off      ; Off           ;
; Generate a compressed Jam STAPL Byte Code 2.0 File (.jbc) for Target Device ; Off      ; Off           ;
; Generate a compressed Jam STAPL Byte Code 2.0 File (.jbc) for Target Device ; On       ; On            ;
+-----------------------------------------------------------------------------+----------+---------------+


+------------------------------------------------------------------+
; Assembler Generated Files                                        ;
+------------------------------------------------------------------+
; File Name                                                        ;
+------------------------------------------------------------------+
; C:/Users/K5SO/Documents/Orion/Orion Bootloader_v2/Bootloader.sof ;
; C:/Users/K5SO/Documents/Orion/Orion Bootloader_v2/Bootloader.pof ;
; C:/Users/K5SO/Documents/Orion/Orion Bootloader_v2/Bootloader.rbf ;
+------------------------------------------------------------------+


+--------------------------------------------------------------------------------------------+
; Assembler Device Options: C:/Users/K5SO/Documents/Orion/Orion Bootloader_v2/Bootloader.sof ;
+----------------+---------------------------------------------------------------------------+
; Option         ; Setting                                                                   ;
+----------------+---------------------------------------------------------------------------+
; Device         ; EP4CGX150DF31C7                                                           ;
; JTAG usercode  ; 0xFFFFFFFF                                                                ;
; Checksum       ; 0x00820A69                                                                ;
+----------------+---------------------------------------------------------------------------+


+--------------------------------------------------------------------------------------------+
; Assembler Device Options: C:/Users/K5SO/Documents/Orion/Orion Bootloader_v2/Bootloader.pof ;
+--------------------+-----------------------------------------------------------------------+
; Option             ; Setting                                                               ;
+--------------------+-----------------------------------------------------------------------+
; Device             ; EPCS128                                                               ;
; JTAG usercode      ; 0x00000000                                                            ;
; Checksum           ; 0xEB6142A0                                                            ;
; Compression Ratio  ; 3                                                                     ;
+--------------------+-----------------------------------------------------------------------+


+--------------------------------------------------------------------------------------------+
; Assembler Device Options: C:/Users/K5SO/Documents/Orion/Orion Bootloader_v2/Bootloader.rbf ;
+---------------------+----------------------------------------------------------------------+
; Option              ; Setting                                                              ;
+---------------------+----------------------------------------------------------------------+
; Raw Binary File     ;                                                                      ;
;  Compression Ratio  ; 3                                                                    ;
+---------------------+----------------------------------------------------------------------+


+--------------------+
; Assembler Messages ;
+--------------------+
Info: *******************************************************************
Info: Running Quartus II 64-Bit Assembler
    Info: Version 13.1.0 Build 162 10/23/2013 SJ Web Edition
    Info: Processing started: Thu Mar 05 08:30:37 2015
Info: Command: quartus_asm --read_settings_files=off --write_settings_files=off Bootloader -c Bootloader
Info (115031): Writing out detailed assembly data for power analysis
Info (115030): Assembler is generating device programming files
Info: Quartus II 64-Bit Assembler was successful. 0 errors, 0 warnings
    Info: Peak virtual memory: 542 megabytes
    Info: Processing ended: Thu Mar 05 08:30:43 2015
    Info: Elapsed time: 00:00:06
    Info: Total CPU time (on all processors): 00:00:06


